<?xml version="1.0" encoding="UTF-8"?>
<!-- Generated by org.testng.reporters.JUnitXMLReporter -->
<testsuite ignored="0" hostname="LAPTOP-LP85U5CF" failures="0" tests="9" name="Test" time="147.419" errors="0" timestamp="2026-05-01T14:46:02 IST">
  <testcase classname="tests.Day1Test" name="verifyHomePageTitle" time="3.775"/>
  <testcase classname="tests.Day1Test" name="verifyProductsPageNavigation" time="13.639"/>
  <testcase classname="tests.Day1Test" name="verifyLoginPageNavigation" time="13.229"/>
  <testcase classname="tests.Day2POMTest" name="verifyHomePageTitle" time="6.658"/>
  <testcase classname="tests.Day2POMTest" name="verifyProductsNavigation" time="17.89"/>
  <testcase classname="tests.Day2POMTest" name="verifyLoginWithWrongCredentials" time="17.192"/>
  <testcase classname="tests.Day3DDTTest" name="verifyLoginWithMultipleData" time="20.505"/>
  <testcase classname="tests.Day3DDTTest" name="verifyLoginWithMultipleData" time="21.568"/>
  <testcase classname="tests.Day3DDTTest" name="verifyLoginWithMultipleData" time="19.259"/>
</testsuite> <!-- Test -->
