<?xml version="1.0" encoding="UTF-8"?>
<!-- Generated by org.testng.reporters.JUnitXMLReporter -->
<testsuite ignored="0" hostname="LAPTOP-LP85U5CF" failures="0" tests="9" name="Test" time="139.07" errors="0" timestamp="2026-05-01T14:05:13 IST">
  <testcase classname="tests.Day1Test" name="verifyHomePageTitle" time="4.623"/>
  <testcase classname="tests.Day1Test" name="verifyProductsPageNavigation" time="19.489"/>
  <testcase classname="tests.Day1Test" name="verifyLoginPageNavigation" time="11.302"/>
  <testcase classname="tests.Day2POMTest" name="verifyHomePageTitle" time="4.237"/>
  <testcase classname="tests.Day2POMTest" name="verifyProductsNavigation" time="15.414"/>
  <testcase classname="tests.Day2POMTest" name="verifyLoginWithWrongCredentials" time="29.171"/>
  <testcase classname="tests.Day3DDTTest" name="verifyLoginWithMultipleData" time="14.632"/>
  <testcase classname="tests.Day3DDTTest" name="verifyLoginWithMultipleData" time="11.354"/>
  <testcase classname="tests.Day3DDTTest" name="verifyLoginWithMultipleData" time="10.758"/>
</testsuite> <!-- Test -->
