<?xml version="1.0" encoding="UTF-8"?>
<!-- Generated by org.testng.reporters.JUnitXMLReporter -->
<testsuite ignored="0" hostname="LAPTOP-LP85U5CF" failures="0" tests="3" name="Default test" time="46.892" errors="0" timestamp="2026-05-01T14:02:24 IST">
  <testcase classname="tests.Day1Test" name="verifyHomePageTitle" time="7.506"/>
  <testcase classname="tests.Day1Test" name="verifyProductsPageNavigation" time="22.017"/>
  <testcase classname="tests.Day1Test" name="verifyLoginPageNavigation" time="12.205"/>
</testsuite> <!-- Default test -->
