<?xml version="1.0" encoding="UTF-8"?>
<!-- Generated by org.testng.reporters.JUnitReportReporter -->
<testsuite hostname="LAPTOP-LP85U5CF" failures="0" tests="3" name="tests.Day1Test" time="49.853" errors="0" timestamp="2026-05-01T14:38:15 IST" skipped="0">
  <testcase classname="tests.Day1Test" name="verifyHomePageTitle" time="10.963"/>
  <testcase classname="tests.Day1Test" name="verifyProductsPageNavigation" time="24.645"/>
  <testcase classname="tests.Day1Test" name="verifyLoginPageNavigation" time="14.245"/>
</testsuite> <!-- tests.Day1Test -->
