<?xml version="1.0" encoding="UTF-8"?>
<!-- Generated by org.testng.reporters.JUnitReportReporter -->
<testsuite hostname="LAPTOP-LP85U5CF" failures="0" tests="3" name="tests.Day2POMTest" time="41.740" errors="0" timestamp="2026-05-01T14:46:03 IST" skipped="0">
  <testcase classname="tests.Day2POMTest" name="verifyHomePageTitle" time="6.658"/>
  <testcase classname="tests.Day2POMTest" name="verifyProductsNavigation" time="17.890"/>
  <testcase classname="tests.Day2POMTest" name="verifyLoginWithWrongCredentials" time="17.192"/>
</testsuite> <!-- tests.Day2POMTest -->
