<?xml version="1.0" encoding="UTF-8"?>
<!-- Generated by org.testng.reporters.JUnitReportReporter -->
<testsuite hostname="LAPTOP-LP85U5CF" failures="0" tests="3" name="tests.Day1Test" time="30.643" errors="0" timestamp="2026-05-01T14:46:03 IST" skipped="0">
  <testcase classname="tests.Day1Test" name="verifyHomePageTitle" time="3.775"/>
  <testcase classname="tests.Day1Test" name="verifyProductsPageNavigation" time="13.639"/>
  <testcase classname="tests.Day1Test" name="verifyLoginPageNavigation" time="13.229"/>
</testsuite> <!-- tests.Day1Test -->
