<?xml version="1.0" encoding="UTF-8"?>
<!-- Generated by org.testng.reporters.JUnitReportReporter -->
<testsuite hostname="LAPTOP-LP85U5CF" failures="0" tests="3" name="tests.Day3DDTTest" time="61.462" errors="0" timestamp="2026-05-01T14:38:16 IST" skipped="0">
  <testcase classname="tests.Day3DDTTest" name="verifyLoginWithMultipleData" time="22.269"/>
  <testcase classname="tests.Day3DDTTest" name="verifyLoginWithMultipleData" time="21.538"/>
  <testcase classname="tests.Day3DDTTest" name="verifyLoginWithMultipleData" time="17.655"/>
</testsuite> <!-- tests.Day3DDTTest -->
