<?xml version="1.0" encoding="UTF-8"?>
<!-- Generated by org.testng.reporters.JUnitReportReporter -->
<testsuite hostname="LAPTOP-LP85U5CF" failures="0" tests="3" name="tests.Day3DDTTest" time="36.744" errors="0" timestamp="2026-05-01T14:05:13 IST" skipped="0">
  <testcase classname="tests.Day3DDTTest" name="verifyLoginWithMultipleData" time="14.632"/>
  <testcase classname="tests.Day3DDTTest" name="verifyLoginWithMultipleData" time="10.758"/>
  <testcase classname="tests.Day3DDTTest" name="verifyLoginWithMultipleData" time="11.354"/>
</testsuite> <!-- tests.Day3DDTTest -->
