<?xml version="1.0" encoding="UTF-8"?>
<!-- Generated by org.testng.reporters.JUnitReportReporter -->
<testsuite hostname="LAPTOP-LP85U5CF" failures="0" tests="3" name="tests.Day2POMTest" time="48.822" errors="0" timestamp="2026-05-01T14:05:13 IST" skipped="0">
  <testcase classname="tests.Day2POMTest" name="verifyHomePageTitle" time="4.237"/>
  <testcase classname="tests.Day2POMTest" name="verifyProductsNavigation" time="15.414"/>
  <testcase classname="tests.Day2POMTest" name="verifyLoginWithWrongCredentials" time="29.171"/>
</testsuite> <!-- tests.Day2POMTest -->
