<?xml version="1.0" encoding="UTF-8"?>
<testng-results ignored="0" total="9" passed="9" failed="0" skipped="0">
  <reporter-output>
  </reporter-output>
  <suite started-at="2026-05-01T14:35:33 IST" name="Suite" finished-at="2026-05-01T14:38:15 IST" duration-ms="162784">
    <groups>
    </groups>
    <test started-at="2026-05-01T14:35:33 IST" name="Test" finished-at="2026-05-01T14:38:15 IST" duration-ms="162784">
      <class name="tests.Day2POMTest">
        <test-method is-config="true" signature="setUp()[pri:0, instance:tests.Day2POMTest@5fbe4146]" started-at="2026-05-01T14:36:26 IST" name="setUp" finished-at="2026-05-01T14:36:29 IST" duration-ms="3805" status="PASS">
          <reporter-output>
          </reporter-output>
        </test-method> <!-- setUp -->
        <test-method signature="verifyHomePageTitle()[pri:1, instance:tests.Day2POMTest@5fbe4146]" started-at="2026-05-01T14:36:29 IST" name="verifyHomePageTitle" finished-at="2026-05-01T14:36:34 IST" duration-ms="4425" status="PASS">
          <reporter-output>
          </reporter-output>
        </test-method> <!-- verifyHomePageTitle -->
        <test-method signature="verifyProductsNavigation()[pri:2, instance:tests.Day2POMTest@5fbe4146]" started-at="2026-05-01T14:36:34 IST" name="verifyProductsNavigation" finished-at="2026-05-01T14:36:52 IST" duration-ms="18521" status="PASS">
          <reporter-output>
          </reporter-output>
        </test-method> <!-- verifyProductsNavigation -->
        <test-method signature="verifyLoginWithWrongCredentials()[pri:3, instance:tests.Day2POMTest@5fbe4146]" started-at="2026-05-01T14:36:52 IST" name="verifyLoginWithWrongCredentials" finished-at="2026-05-01T14:37:09 IST" duration-ms="16310" status="PASS">
          <reporter-output>
          </reporter-output>
        </test-method> <!-- verifyLoginWithWrongCredentials -->
        <test-method is-config="true" signature="tearDown()[pri:0, instance:tests.Day2POMTest@5fbe4146]" started-at="2026-05-01T14:37:09 IST" name="tearDown" finished-at="2026-05-01T14:37:09 IST" duration-ms="319" status="PASS">
          <reporter-output>
          </reporter-output>
        </test-method> <!-- tearDown -->
      </class> <!-- tests.Day2POMTest -->
      <class name="tests.Day1Test">
        <test-method is-config="true" signature="setUp()[pri:0, instance:tests.Day1Test@66d18979]" started-at="2026-05-01T14:35:33 IST" name="setUp" finished-at="2026-05-01T14:35:35 IST" duration-ms="2784" status="PASS">
          <reporter-output>
          </reporter-output>
        </test-method> <!-- setUp -->
        <test-method signature="verifyHomePageTitle()[pri:1, instance:tests.Day1Test@66d18979]" started-at="2026-05-01T14:35:35 IST" name="verifyHomePageTitle" finished-at="2026-05-01T14:35:46 IST" duration-ms="10963" status="PASS">
          <reporter-output>
          </reporter-output>
        </test-method> <!-- verifyHomePageTitle -->
        <test-method signature="verifyProductsPageNavigation()[pri:2, instance:tests.Day1Test@66d18979]" started-at="2026-05-01T14:35:46 IST" name="verifyProductsPageNavigation" finished-at="2026-05-01T14:36:11 IST" duration-ms="24645" status="PASS">
          <reporter-output>
          </reporter-output>
        </test-method> <!-- verifyProductsPageNavigation -->
        <test-method signature="verifyLoginPageNavigation()[pri:3, instance:tests.Day1Test@66d18979]" started-at="2026-05-01T14:36:11 IST" name="verifyLoginPageNavigation" finished-at="2026-05-01T14:36:25 IST" duration-ms="14245" status="PASS">
          <reporter-output>
          </reporter-output>
        </test-method> <!-- verifyLoginPageNavigation -->
        <test-method is-config="true" signature="tearDown()[pri:0, instance:tests.Day1Test@66d18979]" started-at="2026-05-01T14:36:25 IST" name="tearDown" finished-at="2026-05-01T14:36:26 IST" duration-ms="343" status="PASS">
          <reporter-output>
          </reporter-output>
        </test-method> <!-- tearDown -->
      </class> <!-- tests.Day1Test -->
      <class name="tests.Day3DDTTest">
        <test-method is-config="true" signature="setUp()[pri:0, instance:tests.Day3DDTTest@1e66f1f5]" started-at="2026-05-01T14:37:09 IST" name="setUp" finished-at="2026-05-01T14:37:12 IST" duration-ms="3285" status="PASS">
          <reporter-output>
          </reporter-output>
        </test-method> <!-- setUp -->
        <test-method signature="verifyLoginWithMultipleData(java.lang.String,java.lang.String)[pri:1, instance:tests.Day3DDTTest@1e66f1f5]" started-at="2026-05-01T14:37:14 IST" name="verifyLoginWithMultipleData" data-provider="loginData" finished-at="2026-05-01T14:37:35 IST" duration-ms="21538" status="PASS">
          <params>
            <param index="0">
              <value>
                <![CDATA[wrong@email.com]]>
              </value>
            </param>
            <param index="1">
              <value>
                <![CDATA[wrongpass]]>
              </value>
            </param>
          </params>
          <reporter-output>
          </reporter-output>
        </test-method> <!-- verifyLoginWithMultipleData -->
        <test-method signature="verifyLoginWithMultipleData(java.lang.String,java.lang.String)[pri:1, instance:tests.Day3DDTTest@1e66f1f5]" started-at="2026-05-01T14:37:35 IST" name="verifyLoginWithMultipleData" data-provider="loginData" finished-at="2026-05-01T14:37:53 IST" duration-ms="17655" status="PASS">
          <params>
            <param index="0">
              <value>
                <![CDATA[invalid@test.com]]>
              </value>
            </param>
            <param index="1">
              <value>
                <![CDATA[abc123]]>
              </value>
            </param>
          </params>
          <reporter-output>
          </reporter-output>
        </test-method> <!-- verifyLoginWithMultipleData -->
        <test-method signature="verifyLoginWithMultipleData(java.lang.String,java.lang.String)[pri:1, instance:tests.Day3DDTTest@1e66f1f5]" started-at="2026-05-01T14:37:53 IST" name="verifyLoginWithMultipleData" data-provider="loginData" finished-at="2026-05-01T14:38:15 IST" duration-ms="22269" status="PASS">
          <params>
            <param index="0">
              <value>
                <![CDATA[test@gmail.com]]>
              </value>
            </param>
            <param index="1">
              <value>
                <![CDATA[wrongpass]]>
              </value>
            </param>
          </params>
          <reporter-output>
          </reporter-output>
        </test-method> <!-- verifyLoginWithMultipleData -->
        <test-method is-config="true" signature="tearDown()[pri:0, instance:tests.Day3DDTTest@1e66f1f5]" started-at="2026-05-01T14:38:15 IST" name="tearDown" finished-at="2026-05-01T14:38:15 IST" duration-ms="352" status="PASS">
          <reporter-output>
          </reporter-output>
        </test-method> <!-- tearDown -->
      </class> <!-- tests.Day3DDTTest -->
    </test> <!-- Test -->
  </suite> <!-- Suite -->
</testng-results>
