<?xml version="1.0" encoding="UTF-8"?>
<testng-results ignored="0" total="9" passed="9" failed="0" skipped="0">
  <reporter-output>
  </reporter-output>
  <suite started-at="2026-05-01T14:43:35 IST" name="Suite" finished-at="2026-05-01T14:46:02 IST" duration-ms="147419">
    <groups>
    </groups>
    <test started-at="2026-05-01T14:43:35 IST" name="Test" finished-at="2026-05-01T14:46:02 IST" duration-ms="147419">
      <class name="tests.Day2POMTest">
        <test-method is-config="true" signature="setUp()[pri:0, instance:tests.Day2POMTest@660acfb]" started-at="2026-05-01T14:44:11 IST" name="setUp" finished-at="2026-05-01T14:44:14 IST" duration-ms="3166" status="PASS">
          <reporter-output>
          </reporter-output>
        </test-method> <!-- setUp -->
        <test-method signature="verifyHomePageTitle()[pri:1, instance:tests.Day2POMTest@660acfb]" started-at="2026-05-01T14:44:14 IST" name="verifyHomePageTitle" finished-at="2026-05-01T14:44:21 IST" duration-ms="6658" status="PASS">
          <reporter-output>
          </reporter-output>
        </test-method> <!-- verifyHomePageTitle -->
        <test-method signature="verifyProductsNavigation()[pri:2, instance:tests.Day2POMTest@660acfb]" started-at="2026-05-01T14:44:21 IST" name="verifyProductsNavigation" finished-at="2026-05-01T14:44:39 IST" duration-ms="17890" status="PASS">
          <reporter-output>
          </reporter-output>
        </test-method> <!-- verifyProductsNavigation -->
        <test-method signature="verifyLoginWithWrongCredentials()[pri:3, instance:tests.Day2POMTest@660acfb]" started-at="2026-05-01T14:44:39 IST" name="verifyLoginWithWrongCredentials" finished-at="2026-05-01T14:44:56 IST" duration-ms="17192" status="PASS">
          <reporter-output>
          </reporter-output>
        </test-method> <!-- verifyLoginWithWrongCredentials -->
        <test-method is-config="true" signature="tearDown()[pri:0, instance:tests.Day2POMTest@660acfb]" started-at="2026-05-01T14:44:56 IST" name="tearDown" finished-at="2026-05-01T14:44:56 IST" duration-ms="387" status="PASS">
          <reporter-output>
          </reporter-output>
        </test-method> <!-- tearDown -->
      </class> <!-- tests.Day2POMTest -->
      <class name="tests.Day1Test">
        <test-method is-config="true" signature="setUp()[pri:0, instance:tests.Day1Test@7dc19a70]" started-at="2026-05-01T14:43:35 IST" name="setUp" finished-at="2026-05-01T14:43:40 IST" duration-ms="4888" status="PASS">
          <reporter-output>
          </reporter-output>
        </test-method> <!-- setUp -->
        <test-method signature="verifyHomePageTitle()[pri:1, instance:tests.Day1Test@7dc19a70]" started-at="2026-05-01T14:43:40 IST" name="verifyHomePageTitle" finished-at="2026-05-01T14:43:44 IST" duration-ms="3775" status="PASS">
          <reporter-output>
          </reporter-output>
        </test-method> <!-- verifyHomePageTitle -->
        <test-method signature="verifyProductsPageNavigation()[pri:2, instance:tests.Day1Test@7dc19a70]" started-at="2026-05-01T14:43:44 IST" name="verifyProductsPageNavigation" finished-at="2026-05-01T14:43:58 IST" duration-ms="13639" status="PASS">
          <reporter-output>
          </reporter-output>
        </test-method> <!-- verifyProductsPageNavigation -->
        <test-method signature="verifyLoginPageNavigation()[pri:3, instance:tests.Day1Test@7dc19a70]" started-at="2026-05-01T14:43:58 IST" name="verifyLoginPageNavigation" finished-at="2026-05-01T14:44:11 IST" duration-ms="13229" status="PASS">
          <reporter-output>
          </reporter-output>
        </test-method> <!-- verifyLoginPageNavigation -->
        <test-method is-config="true" signature="tearDown()[pri:0, instance:tests.Day1Test@7dc19a70]" started-at="2026-05-01T14:44:11 IST" name="tearDown" finished-at="2026-05-01T14:44:11 IST" duration-ms="370" status="PASS">
          <reporter-output>
          </reporter-output>
        </test-method> <!-- tearDown -->
      </class> <!-- tests.Day1Test -->
      <class name="tests.Day3DDTTest">
        <test-method is-config="true" signature="setUp()[pri:0, instance:tests.Day3DDTTest@5d908d47]" started-at="2026-05-01T14:44:56 IST" name="setUp" finished-at="2026-05-01T14:44:59 IST" duration-ms="3042" status="PASS">
          <reporter-output>
          </reporter-output>
        </test-method> <!-- setUp -->
        <test-method signature="verifyLoginWithMultipleData(java.lang.String,java.lang.String)[pri:1, instance:tests.Day3DDTTest@5d908d47]" started-at="2026-05-01T14:45:01 IST" name="verifyLoginWithMultipleData" data-provider="loginData" finished-at="2026-05-01T14:45:21 IST" duration-ms="20505" status="PASS">
          <params>
            <param index="0">
              <value>
                <![CDATA[wrong@email.com]]>
              </value>
            </param>
            <param index="1">
              <value>
                <![CDATA[wrongpass]]>
              </value>
            </param>
          </params>
          <reporter-output>
          </reporter-output>
        </test-method> <!-- verifyLoginWithMultipleData -->
        <test-method signature="verifyLoginWithMultipleData(java.lang.String,java.lang.String)[pri:1, instance:tests.Day3DDTTest@5d908d47]" started-at="2026-05-01T14:45:21 IST" name="verifyLoginWithMultipleData" data-provider="loginData" finished-at="2026-05-01T14:45:43 IST" duration-ms="21568" status="PASS">
          <params>
            <param index="0">
              <value>
                <![CDATA[invalid@test.com]]>
              </value>
            </param>
            <param index="1">
              <value>
                <![CDATA[abc123]]>
              </value>
            </param>
          </params>
          <reporter-output>
          </reporter-output>
        </test-method> <!-- verifyLoginWithMultipleData -->
        <test-method signature="verifyLoginWithMultipleData(java.lang.String,java.lang.String)[pri:1, instance:tests.Day3DDTTest@5d908d47]" started-at="2026-05-01T14:45:43 IST" name="verifyLoginWithMultipleData" data-provider="loginData" finished-at="2026-05-01T14:46:02 IST" duration-ms="19259" status="PASS">
          <params>
            <param index="0">
              <value>
                <![CDATA[test@gmail.com]]>
              </value>
            </param>
            <param index="1">
              <value>
                <![CDATA[wrongpass]]>
              </value>
            </param>
          </params>
          <reporter-output>
          </reporter-output>
        </test-method> <!-- verifyLoginWithMultipleData -->
        <test-method is-config="true" signature="tearDown()[pri:0, instance:tests.Day3DDTTest@5d908d47]" started-at="2026-05-01T14:46:02 IST" name="tearDown" finished-at="2026-05-01T14:46:02 IST" duration-ms="374" status="PASS">
          <reporter-output>
          </reporter-output>
        </test-method> <!-- tearDown -->
      </class> <!-- tests.Day3DDTTest -->
    </test> <!-- Test -->
  </suite> <!-- Suite -->
</testng-results>
